<?xml version="1.0" encoding="UTF-8"?>
<!-- Generated by org.testng.reporters.JUnitReportReporter -->
<testsuite hostname="DESKTOP-21E825V" failures="0" tests="2" name="com.qa.saucedemo.tests.HomePageTest" time="0.014" errors="0" timestamp="2025-01-28T16:12:29 EST" skipped="0">
  <testcase classname="com.qa.saucedemo.tests.HomePageTest" name="homePageTitleTest" time="0.013"/>
  <testcase classname="com.qa.saucedemo.tests.HomePageTest" name="homePageURLTest" time="0.001"/>
</testsuite> <!-- com.qa.saucedemo.tests.HomePageTest -->
